{"code":"28P01","file":"d:\\pginstaller_12.auto\\postgres.windows-x64\\src\\backend\\libpq\\auth.c","length":166,"level":"error","line":"333","name":"error","routine":"auth_failed","severity":"FATAL","timestamp":"2022-10-25T17:09:28.456Z"}
{"level":"error","timestamp":"2022-10-25T17:09:53.772Z"}
{"level":"error","timestamp":"2022-10-25T17:10:17.165Z"}
{"level":"error","timestamp":"2022-10-25T17:10:53.665Z"}
{"level":"error","timestamp":"2022-10-25T17:10:57.647Z"}
{"level":"error","timestamp":"2022-10-25T17:11:17.876Z"}
{"level":"error","timestamp":"2022-10-25T17:11:29.101Z"}
{"level":"error","timestamp":"2022-10-25T18:19:44.521Z"}
{"level":"error","timestamp":"2022-10-25T18:23:07.978Z"}
{"level":"error","timestamp":"2022-10-25T18:34:09.292Z"}
{"level":"error","timestamp":"2022-10-25T18:34:38.762Z"}
{"code":"23502","column":"user_type","driverError":{"code":"23502","column":"user_type","file":"d:\\pginstaller_12.auto\\postgres.windows-x64\\src\\backend\\commands\\tablecmds.c","length":192,"line":"5273","name":"error","routine":"ATRewriteTable","schema":"public","severity":"ERROR","table":"user"},"file":"d:\\pginstaller_12.auto\\postgres.windows-x64\\src\\backend\\commands\\tablecmds.c","length":192,"level":"error","line":"5273","query":"ALTER TABLE \"user\" ADD \"user_type\" character varying NOT NULL","routine":"ATRewriteTable","schema":"public","severity":"ERROR","table":"user","timestamp":"2022-10-25T18:37:17.861Z"}
{"code":"23502","column":"user_type","driverError":{"code":"23502","column":"user_type","file":"d:\\pginstaller_12.auto\\postgres.windows-x64\\src\\backend\\commands\\tablecmds.c","length":192,"line":"5273","name":"error","routine":"ATRewriteTable","schema":"public","severity":"ERROR","table":"user"},"file":"d:\\pginstaller_12.auto\\postgres.windows-x64\\src\\backend\\commands\\tablecmds.c","length":192,"level":"error","line":"5273","query":"ALTER TABLE \"user\" ADD \"user_type\" character varying NOT NULL","routine":"ATRewriteTable","schema":"public","severity":"ERROR","table":"user","timestamp":"2022-10-25T18:37:22.219Z"}
{"level":"info","message":"env is development","timestamp":"2022-10-25T18:38:46.826Z"}
{"level":"info","message":"Listening on http://localhost:4000","timestamp":"2022-10-25T18:38:46.836Z"}
{"level":"info","message":"env is development","timestamp":"2022-10-26T15:08:33.107Z"}
{"level":"info","message":"Listening on http://localhost:4000","timestamp":"2022-10-26T15:08:33.111Z"}
{"level":"info","message":"env is development","timestamp":"2022-10-26T15:08:35.949Z"}
{"level":"info","message":"Listening on http://localhost:4000","timestamp":"2022-10-26T15:08:35.951Z"}
{"level":"info","message":"env is development","timestamp":"2022-10-26T15:09:28.146Z"}
{"level":"info","message":"Listening on http://localhost:4000","timestamp":"2022-10-26T15:09:28.151Z"}
{"level":"info","message":"env is development","timestamp":"2022-10-26T15:09:29.640Z"}
{"level":"info","message":"Listening on http://localhost:4000","timestamp":"2022-10-26T15:09:29.643Z"}
{"level":"info","message":"env is development","timestamp":"2022-10-26T15:10:10.793Z"}
{"level":"info","message":"Listening on http://localhost:4000","timestamp":"2022-10-26T15:10:10.797Z"}
{"level":"info","message":"env is development","timestamp":"2022-10-26T15:13:41.571Z"}
{"level":"info","message":"Listening on http://localhost:4000","timestamp":"2022-10-26T15:13:41.573Z"}
{"level":"info","message":"env is development","timestamp":"2022-10-26T15:16:49.644Z"}
{"level":"info","message":"Listening on http://localhost:4000","timestamp":"2022-10-26T15:16:49.648Z"}
{"level":"info","message":"env is development","timestamp":"2022-10-26T15:16:55.204Z"}
{"level":"info","message":"Listening on http://localhost:4000","timestamp":"2022-10-26T15:16:55.207Z"}
{"level":"info","message":"env is development","timestamp":"2022-10-26T15:18:23.175Z"}
{"level":"info","message":"Listening on http://localhost:4000","timestamp":"2022-10-26T15:18:23.180Z"}
{"level":"info","message":"env is development","timestamp":"2022-10-26T15:18:26.715Z"}
{"level":"info","message":"Listening on http://localhost:4000","timestamp":"2022-10-26T15:18:26.722Z"}
{"level":"info","message":"env is development","timestamp":"2022-10-26T15:18:38.005Z"}
{"level":"info","message":"Listening on http://localhost:4000","timestamp":"2022-10-26T15:18:38.008Z"}
{"level":"info","message":"env is development","timestamp":"2022-10-26T15:18:46.909Z"}
{"level":"info","message":"Listening on http://localhost:4000","timestamp":"2022-10-26T15:18:46.911Z"}
{"level":"info","message":"env is development","timestamp":"2022-10-26T15:19:04.864Z"}
{"level":"info","message":"Listening on http://localhost:4000","timestamp":"2022-10-26T15:19:04.867Z"}
{"level":"info","message":"env is development","timestamp":"2022-10-26T15:19:20.198Z"}
{"level":"info","message":"Listening on http://localhost:4000","timestamp":"2022-10-26T15:19:20.201Z"}
{"level":"info","message":"env is development","timestamp":"2022-10-26T15:19:29.929Z"}
{"level":"info","message":"Listening on http://localhost:4000","timestamp":"2022-10-26T15:19:29.933Z"}
{"level":"info","message":"env is development","timestamp":"2022-10-26T15:19:52.126Z"}
{"level":"info","message":"Listening on http://localhost:4000","timestamp":"2022-10-26T15:19:52.131Z"}
{"level":"info","message":"env is development","timestamp":"2022-10-26T15:20:03.058Z"}
{"level":"info","message":"Listening on http://localhost:4000","timestamp":"2022-10-26T15:20:03.062Z"}
{"level":"info","message":"env is development","timestamp":"2022-10-26T15:20:12.779Z"}
{"level":"info","message":"Listening on http://localhost:4000","timestamp":"2022-10-26T15:20:12.782Z"}
{"level":"info","message":"env is development","timestamp":"2022-10-26T15:20:39.335Z"}
{"level":"info","message":"Listening on http://localhost:4000","timestamp":"2022-10-26T15:20:39.340Z"}
{"level":"info","message":"env is development","timestamp":"2022-10-26T15:22:26.743Z"}
{"level":"info","message":"Listening on http://localhost:4000","timestamp":"2022-10-26T15:22:26.746Z"}
{"level":"info","message":"env is development","timestamp":"2022-10-26T15:27:23.861Z"}
{"level":"info","message":"Listening on http://localhost:4000","timestamp":"2022-10-26T15:27:23.866Z"}
{"level":"error","message":"Data type \"Array\" in \"User.roles\" is not supported by \"postgres\" database.","timestamp":"2022-10-26T15:28:15.237Z"}
{"level":"error","message":"Data type \"Array\" in \"User.roles\" is not supported by \"postgres\" database.","timestamp":"2022-10-26T15:28:55.417Z"}
{"level":"info","message":"env is development","timestamp":"2022-10-26T15:29:23.278Z"}
{"level":"info","message":"Listening on http://localhost:4000","timestamp":"2022-10-26T15:29:23.281Z"}
{"level":"info","message":"env is development","timestamp":"2022-10-26T15:29:36.498Z"}
{"level":"info","message":"Listening on http://localhost:4000","timestamp":"2022-10-26T15:29:36.501Z"}
{"level":"info","message":"env is development","timestamp":"2022-10-26T15:30:19.968Z"}
{"level":"info","message":"Listening on http://localhost:4000","timestamp":"2022-10-26T15:30:19.971Z"}
{"level":"info","message":"env is development","timestamp":"2022-10-26T17:10:00.805Z"}
{"level":"info","message":"Listening on http://localhost:4000","timestamp":"2022-10-26T17:10:00.808Z"}
{"level":"info","message":"env is development","timestamp":"2022-10-26T17:13:55.880Z"}
{"level":"info","message":"Listening on http://localhost:4000","timestamp":"2022-10-26T17:13:55.883Z"}
{"level":"info","message":"::1 - - [26/Oct/2022:17:14:11 +0000] \"POST /user/customer/signup HTTP/1.1\" 404 160 \"-\" \"PostmanRuntime/7.29.2\"\n","timestamp":"2022-10-26T17:14:11.455Z"}
{"level":"info","message":"env is development","timestamp":"2022-10-26T17:14:36.390Z"}
{"level":"info","message":"Listening on http://localhost:4000","timestamp":"2022-10-26T17:14:36.393Z"}
{"level":"error","message":"500 - Invalid body, check 'errors' property for more info. - /user/customer/signup - POST - ::1","timestamp":"2022-10-26T17:14:39.414Z"}
{"level":"error","message":"Error:","timestamp":"2022-10-26T17:14:39.414Z"}
{"level":"error","message":"Invalid body, check 'errors' property for more info. | Error\n    at new HttpError (V:\\simsan_internal\\server\\node_modules\\routing-controllers\\cjs\\http-error\\HttpError.js:17:22)\n    at new BadRequestError (V:\\simsan_internal\\server\\node_modules\\routing-controllers\\cjs\\http-error\\BadRequestError.js:10:9)\n    at V:\\simsan_internal\\server\\node_modules\\routing-controllers\\cjs\\ActionParameterHandler.js:206:31\n    at processTicksAndRejections (node:internal/process/task_queues:96:5)\n    at async ActionParameterHandler.normalizeParamValue (V:\\simsan_internal\\server\\node_modules\\routing-controllers\\cjs\\ActionParameterHandler.js:126:21)\n    at async Promise.all (index 1)","timestamp":"2022-10-26T17:14:39.415Z"}
{"level":"error","message":"Body:","timestamp":"2022-10-26T17:14:39.415Z"}
{"level":"error","message":"{\"user_type\":\"customer\",\"first_name\":\"Vikas\",\"last_name\":\"Arora\",\"email\":\"vikasarora393@gmail.com\",\"mobile_no\":9888222370,\"password\":\"Vikas124?\",\"roles\":\"['admin','write','read']\"}","timestamp":"2022-10-26T17:14:39.416Z"}
{"level":"info","message":"::1 - - [26/Oct/2022:17:14:39 +0000] \"POST /user/customer/signup HTTP/1.1\" 400 43 \"-\" \"PostmanRuntime/7.29.2\"\n","timestamp":"2022-10-26T17:14:39.423Z"}
{"level":"error","message":"500 - Invalid body, check 'errors' property for more info. - /user/customer/signup - POST - ::1","timestamp":"2022-10-26T17:16:01.787Z"}
{"level":"error","message":"Error:","timestamp":"2022-10-26T17:16:01.788Z"}
{"level":"error","message":"Invalid body, check 'errors' property for more info. | Error\n    at new HttpError (V:\\simsan_internal\\server\\node_modules\\routing-controllers\\cjs\\http-error\\HttpError.js:17:22)\n    at new BadRequestError (V:\\simsan_internal\\server\\node_modules\\routing-controllers\\cjs\\http-error\\BadRequestError.js:10:9)\n    at V:\\simsan_internal\\server\\node_modules\\routing-controllers\\cjs\\ActionParameterHandler.js:206:31\n    at processTicksAndRejections (node:internal/process/task_queues:96:5)\n    at async ActionParameterHandler.normalizeParamValue (V:\\simsan_internal\\server\\node_modules\\routing-controllers\\cjs\\ActionParameterHandler.js:126:21)\n    at async Promise.all (index 1)","timestamp":"2022-10-26T17:16:01.788Z"}
{"level":"error","message":"Body:","timestamp":"2022-10-26T17:16:01.788Z"}
{"level":"error","message":"{\"first_name\":\"Vikas\",\"last_name\":\"Arora\",\"email\":\"vikasarora393@gmail.com\",\"mobile_no\":9888222370,\"password\":\"Vikas124?\",\"roles\":[\"admin\",\"write\",\"read\"]}","timestamp":"2022-10-26T17:16:01.789Z"}
{"level":"info","message":"::1 - - [26/Oct/2022:17:16:01 +0000] \"POST /user/customer/signup HTTP/1.1\" 400 43 \"-\" \"PostmanRuntime/7.29.2\"\n","timestamp":"2022-10-26T17:16:01.791Z"}
{"level":"info","message":"env is development","timestamp":"2022-10-26T17:16:18.653Z"}
{"level":"info","message":"Listening on http://localhost:4000","timestamp":"2022-10-26T17:16:18.655Z"}
{"level":"error","message":"500 - Invalid body, check 'errors' property for more info. - /user/customer/signup - POST - ::1","timestamp":"2022-10-26T17:16:22.150Z"}
{"level":"error","message":"Error:","timestamp":"2022-10-26T17:16:22.150Z"}
{"level":"error","message":"Invalid body, check 'errors' property for more info. | Error\n    at new HttpError (V:\\simsan_internal\\server\\node_modules\\routing-controllers\\cjs\\http-error\\HttpError.js:17:22)\n    at new BadRequestError (V:\\simsan_internal\\server\\node_modules\\routing-controllers\\cjs\\http-error\\BadRequestError.js:10:9)\n    at V:\\simsan_internal\\server\\node_modules\\routing-controllers\\cjs\\ActionParameterHandler.js:206:31\n    at processTicksAndRejections (node:internal/process/task_queues:96:5)\n    at async ActionParameterHandler.normalizeParamValue (V:\\simsan_internal\\server\\node_modules\\routing-controllers\\cjs\\ActionParameterHandler.js:126:21)\n    at async Promise.all (index 1)","timestamp":"2022-10-26T17:16:22.151Z"}
{"level":"error","message":"Body:","timestamp":"2022-10-26T17:16:22.151Z"}
{"level":"error","message":"{\"first_name\":\"Vikas\",\"last_name\":\"Arora\",\"email\":\"vikasarora393@gmail.com\",\"mobile_no\":9888222370,\"password\":\"Vikas124?\",\"roles\":[\"admin\",\"write\",\"read\"]}","timestamp":"2022-10-26T17:16:22.152Z"}
{"level":"info","message":"::1 - - [26/Oct/2022:17:16:22 +0000] \"POST /user/customer/signup HTTP/1.1\" 400 43 \"-\" \"PostmanRuntime/7.29.2\"\n","timestamp":"2022-10-26T17:16:22.158Z"}
{"level":"error","message":"500 - Invalid body, check 'errors' property for more info. - /user/customer/signup - POST - ::1","timestamp":"2022-10-26T17:17:39.371Z"}
{"level":"error","message":"Error:","timestamp":"2022-10-26T17:17:39.372Z"}
{"level":"error","message":"Invalid body, check 'errors' property for more info. | Error\n    at new HttpError (V:\\simsan_internal\\server\\node_modules\\routing-controllers\\cjs\\http-error\\HttpError.js:17:22)\n    at new BadRequestError (V:\\simsan_internal\\server\\node_modules\\routing-controllers\\cjs\\http-error\\BadRequestError.js:10:9)\n    at V:\\simsan_internal\\server\\node_modules\\routing-controllers\\cjs\\ActionParameterHandler.js:206:31\n    at processTicksAndRejections (node:internal/process/task_queues:96:5)\n    at async ActionParameterHandler.normalizeParamValue (V:\\simsan_internal\\server\\node_modules\\routing-controllers\\cjs\\ActionParameterHandler.js:126:21)\n    at async Promise.all (index 1)","timestamp":"2022-10-26T17:17:39.372Z"}
{"level":"error","message":"Body:","timestamp":"2022-10-26T17:17:39.373Z"}
{"level":"error","message":"{\"first_name\":\"Vikas\",\"last_name\":\"Arora\",\"email\":\"vikasarora393@gmail.com\",\"mobile_no\":9888222370,\"password\":\"Vikas124?\",\"roles\":[\"admin\"]}","timestamp":"2022-10-26T17:17:39.373Z"}
{"level":"info","message":"::1 - - [26/Oct/2022:17:17:39 +0000] \"POST /user/customer/signup HTTP/1.1\" 400 43 \"-\" \"PostmanRuntime/7.29.2\"\n","timestamp":"2022-10-26T17:17:39.375Z"}
{"level":"info","message":"env is development","timestamp":"2022-10-26T17:26:09.858Z"}
{"level":"info","message":"Listening on http://localhost:4000","timestamp":"2022-10-26T17:26:09.861Z"}
{"level":"info","message":"env is development","timestamp":"2022-10-26T17:26:25.988Z"}
{"level":"info","message":"Listening on http://localhost:4000","timestamp":"2022-10-26T17:26:25.991Z"}
{"level":"info","message":"::1 - - [26/Oct/2022:17:26:31 +0000] \"POST /user/customer/signup HTTP/1.1\" 404 160 \"-\" \"PostmanRuntime/7.29.2\"\n","timestamp":"2022-10-26T17:26:31.347Z"}
{"level":"error","message":"500 - Invalid body, check 'errors' property for more info. - /auth/customer/signup - POST - ::1","timestamp":"2022-10-26T17:26:39.708Z"}
{"level":"error","message":"Error:","timestamp":"2022-10-26T17:26:39.709Z"}
{"level":"error","message":"Invalid body, check 'errors' property for more info. | Error\n    at new HttpError (V:\\simsan_internal\\server\\node_modules\\routing-controllers\\cjs\\http-error\\HttpError.js:17:22)\n    at new BadRequestError (V:\\simsan_internal\\server\\node_modules\\routing-controllers\\cjs\\http-error\\BadRequestError.js:10:9)\n    at V:\\simsan_internal\\server\\node_modules\\routing-controllers\\cjs\\ActionParameterHandler.js:206:31\n    at processTicksAndRejections (node:internal/process/task_queues:96:5)\n    at async ActionParameterHandler.normalizeParamValue (V:\\simsan_internal\\server\\node_modules\\routing-controllers\\cjs\\ActionParameterHandler.js:126:21)\n    at async Promise.all (index 1)","timestamp":"2022-10-26T17:26:39.709Z"}
{"level":"error","message":"Body:","timestamp":"2022-10-26T17:26:39.710Z"}
{"level":"error","message":"{\"first_name\":\"Vikas\",\"last_name\":\"Arora\",\"email\":\"vikasarora393@gmail.com\",\"mobile_no\":9888222370,\"password\":\"Vikas124?\",\"roles\":[\"admin\"]}","timestamp":"2022-10-26T17:26:39.710Z"}
{"level":"info","message":"::1 - - [26/Oct/2022:17:26:39 +0000] \"POST /auth/customer/signup HTTP/1.1\" 400 43 \"-\" \"PostmanRuntime/7.29.2\"\n","timestamp":"2022-10-26T17:26:39.714Z"}
{"level":"info","message":"env is development","timestamp":"2022-10-26T17:27:02.891Z"}
{"level":"info","message":"Listening on http://localhost:4000","timestamp":"2022-10-26T17:27:02.956Z"}
{"level":"info","message":"::1 - - [26/Oct/2022:17:27:12 +0000] \"POST /auth/customer/signup HTTP/1.1\" 200 455 \"-\" \"PostmanRuntime/7.29.2\"\n","timestamp":"2022-10-26T17:27:12.076Z"}
{"level":"info","message":"env is development","timestamp":"2022-10-26T17:28:02.268Z"}
{"level":"info","message":"Listening on http://localhost:4000","timestamp":"2022-10-26T17:28:02.271Z"}
{"level":"info","message":"env is development","timestamp":"2022-10-26T17:28:07.893Z"}
{"level":"info","message":"Listening on http://localhost:4000","timestamp":"2022-10-26T17:28:07.896Z"}
{"level":"info","message":"env is development","timestamp":"2022-10-26T17:28:15.249Z"}
{"level":"info","message":"Listening on http://localhost:4000","timestamp":"2022-10-26T17:28:15.252Z"}
{"level":"info","message":"env is development","timestamp":"2022-10-26T17:28:34.434Z"}
{"level":"info","message":"Listening on http://localhost:4000","timestamp":"2022-10-26T17:28:34.437Z"}
{"level":"info","message":"env is development","timestamp":"2022-10-26T17:28:38.335Z"}
{"level":"info","message":"Listening on http://localhost:4000","timestamp":"2022-10-26T17:28:38.339Z"}
{"level":"info","message":"env is development","timestamp":"2022-10-26T17:28:45.198Z"}
{"level":"info","message":"Listening on http://localhost:4000","timestamp":"2022-10-26T17:28:45.201Z"}
{"code":"23502","column":"createdBy","driverError":{"code":"23502","column":"createdBy","file":"d:\\pginstaller_12.auto\\postgres.windows-x64\\src\\backend\\commands\\tablecmds.c","length":192,"line":"5273","name":"error","routine":"ATRewriteTable","schema":"public","severity":"ERROR","table":"user"},"file":"d:\\pginstaller_12.auto\\postgres.windows-x64\\src\\backend\\commands\\tablecmds.c","length":192,"level":"error","line":"5273","query":"ALTER TABLE \"user\" ADD \"createdBy\" character varying NOT NULL","routine":"ATRewriteTable","schema":"public","severity":"ERROR","table":"user","timestamp":"2022-10-26T17:32:35.317Z"}
{"level":"info","message":"env is development","timestamp":"2022-10-26T17:33:28.748Z"}
{"level":"info","message":"Listening on http://localhost:4000","timestamp":"2022-10-26T17:33:28.753Z"}
{"level":"info","message":"env is development","timestamp":"2022-10-26T17:34:01.798Z"}
{"level":"info","message":"Listening on http://localhost:4000","timestamp":"2022-10-26T17:34:01.801Z"}
{"level":"info","message":"::1 - - [26/Oct/2022:17:34:05 +0000] \"POST /user/customer/signup HTTP/1.1\" 200 54 \"-\" \"PostmanRuntime/7.29.2\"\n","timestamp":"2022-10-26T17:34:05.801Z"}
{"level":"info","message":"env is development","timestamp":"2022-10-26T17:37:23.742Z"}
{"level":"info","message":"Listening on http://localhost:4000","timestamp":"2022-10-26T17:37:23.744Z"}
{"level":"info","message":"env is development","timestamp":"2022-10-26T17:37:30.712Z"}
{"level":"info","message":"Listening on http://localhost:4000","timestamp":"2022-10-26T17:37:30.715Z"}
{"level":"info","message":"env is development","timestamp":"2022-10-26T17:37:37.237Z"}
{"level":"info","message":"Listening on http://localhost:4000","timestamp":"2022-10-26T17:37:37.240Z"}
{"level":"info","message":"env is development","timestamp":"2022-10-26T17:38:41.743Z"}
{"level":"info","message":"Listening on http://localhost:4000","timestamp":"2022-10-26T17:38:41.747Z"}
{"level":"info","message":"env is development","timestamp":"2022-10-26T17:41:32.414Z"}
{"level":"info","message":"Listening on http://localhost:4000","timestamp":"2022-10-26T17:41:32.417Z"}
{"level":"info","message":"env is development","timestamp":"2022-10-26T17:41:54.640Z"}
{"level":"info","message":"Listening on http://localhost:4000","timestamp":"2022-10-26T17:41:54.643Z"}
{"level":"info","message":"env is development","timestamp":"2022-10-26T17:47:29.669Z"}
{"level":"info","message":"Listening on http://localhost:4000","timestamp":"2022-10-26T17:47:29.672Z"}
{"level":"info","message":"env is development","timestamp":"2022-10-26T17:47:33.534Z"}
{"level":"info","message":"Listening on http://localhost:4000","timestamp":"2022-10-26T17:47:33.537Z"}
{"level":"info","message":"env is development","timestamp":"2022-10-26T17:49:38.051Z"}
{"level":"info","message":"Listening on http://localhost:4000","timestamp":"2022-10-26T17:49:38.054Z"}
{"level":"info","message":"env is development","timestamp":"2022-10-26T17:49:48.321Z"}
{"level":"info","message":"Listening on http://localhost:4000","timestamp":"2022-10-26T17:49:48.323Z"}
{"level":"info","message":"env is development","timestamp":"2022-10-26T17:50:14.266Z"}
{"level":"info","message":"Listening on http://localhost:4000","timestamp":"2022-10-26T17:50:14.271Z"}
{"level":"info","message":"env is development","timestamp":"2022-10-26T17:51:03.187Z"}
{"level":"info","message":"Listening on http://localhost:4000","timestamp":"2022-10-26T17:51:03.193Z"}
{"level":"info","message":"env is development","timestamp":"2022-10-26T17:51:08.968Z"}
{"level":"info","message":"Listening on http://localhost:4000","timestamp":"2022-10-26T17:51:08.971Z"}
{"level":"info","message":"env is development","timestamp":"2022-10-26T17:52:38.389Z"}
{"level":"info","message":"Listening on http://localhost:4000","timestamp":"2022-10-26T17:52:38.393Z"}
