{"level":"error","message":"500 - Invalid queries, check 'errors' property for more info. - /admin/users/list?skip=0&limit=10 - GET - ::1","timestamp":"2022-10-28T14:22:50.709Z"}
{"level":"error","message":"Error:","timestamp":"2022-10-28T14:22:50.709Z"}
{"level":"error","message":"Invalid queries, check 'errors' property for more info. | Error\n    at new HttpError (V:\\simsan_internal\\server\\node_modules\\routing-controllers\\cjs\\http-error\\HttpError.js:17:22)\n    at new BadRequestError (V:\\simsan_internal\\server\\node_modules\\routing-controllers\\cjs\\http-error\\BadRequestError.js:10:9)\n    at V:\\simsan_internal\\server\\node_modules\\routing-controllers\\cjs\\ActionParameterHandler.js:206:31\n    at processTicksAndRejections (node:internal/process/task_queues:96:5)\n    at async ActionParameterHandler.normalizeParamValue (V:\\simsan_internal\\server\\node_modules\\routing-controllers\\cjs\\ActionParameterHandler.js:126:21)\n    at async Promise.all (index 0)","timestamp":"2022-10-28T14:22:50.710Z"}
{"level":"error","message":"Body:","timestamp":"2022-10-28T14:22:50.710Z"}
{"level":"error","message":"{}","timestamp":"2022-10-28T14:22:50.710Z"}
{"level":"error","message":"500 - Invalid queries, check 'errors' property for more info. - /admin/users/list?skip=0&limit=10 - GET - ::1","timestamp":"2022-10-28T14:32:02.355Z"}
{"level":"error","message":"Error:","timestamp":"2022-10-28T14:32:02.355Z"}
{"level":"error","message":"Invalid queries, check 'errors' property for more info. | Error\n    at new HttpError (V:\\simsan_internal\\server\\node_modules\\routing-controllers\\cjs\\http-error\\HttpError.js:17:22)\n    at new BadRequestError (V:\\simsan_internal\\server\\node_modules\\routing-controllers\\cjs\\http-error\\BadRequestError.js:10:9)\n    at V:\\simsan_internal\\server\\node_modules\\routing-controllers\\cjs\\ActionParameterHandler.js:206:31\n    at processTicksAndRejections (node:internal/process/task_queues:96:5)\n    at async ActionParameterHandler.normalizeParamValue (V:\\simsan_internal\\server\\node_modules\\routing-controllers\\cjs\\ActionParameterHandler.js:126:21)\n    at async Promise.all (index 0)","timestamp":"2022-10-28T14:32:02.356Z"}
{"level":"error","message":"Body:","timestamp":"2022-10-28T14:32:02.356Z"}
{"level":"error","message":"{}","timestamp":"2022-10-28T14:32:02.357Z"}
{"level":"error","message":"500 - Invalid queries, check 'errors' property for more info. - /admin/users/list?skip=0&limit=10 - GET - ::1","timestamp":"2022-10-28T14:35:35.927Z"}
{"level":"error","message":"Error:","timestamp":"2022-10-28T14:35:35.927Z"}
{"level":"error","message":"Invalid queries, check 'errors' property for more info. | Error\n    at new HttpError (V:\\simsan_internal\\server\\node_modules\\routing-controllers\\cjs\\http-error\\HttpError.js:17:22)\n    at new BadRequestError (V:\\simsan_internal\\server\\node_modules\\routing-controllers\\cjs\\http-error\\BadRequestError.js:10:9)\n    at V:\\simsan_internal\\server\\node_modules\\routing-controllers\\cjs\\ActionParameterHandler.js:206:31\n    at processTicksAndRejections (node:internal/process/task_queues:96:5)\n    at async ActionParameterHandler.normalizeParamValue (V:\\simsan_internal\\server\\node_modules\\routing-controllers\\cjs\\ActionParameterHandler.js:126:21)\n    at async Promise.all (index 0)","timestamp":"2022-10-28T14:35:35.927Z"}
{"level":"error","message":"Body:","timestamp":"2022-10-28T14:35:35.928Z"}
{"level":"error","message":"{}","timestamp":"2022-10-28T14:35:35.928Z"}
{"level":"error","message":"500 - Invalid queries, check 'errors' property for more info. - /admin/users/list?skip=0&limit=10 - GET - ::1","timestamp":"2022-10-28T14:36:37.332Z"}
{"level":"error","message":"Error:","timestamp":"2022-10-28T14:36:37.332Z"}
{"level":"error","message":"Invalid queries, check 'errors' property for more info. | Error\n    at new HttpError (V:\\simsan_internal\\server\\node_modules\\routing-controllers\\cjs\\http-error\\HttpError.js:17:22)\n    at new BadRequestError (V:\\simsan_internal\\server\\node_modules\\routing-controllers\\cjs\\http-error\\BadRequestError.js:10:9)\n    at V:\\simsan_internal\\server\\node_modules\\routing-controllers\\cjs\\ActionParameterHandler.js:206:31\n    at processTicksAndRejections (node:internal/process/task_queues:96:5)\n    at async ActionParameterHandler.normalizeParamValue (V:\\simsan_internal\\server\\node_modules\\routing-controllers\\cjs\\ActionParameterHandler.js:126:21)\n    at async Promise.all (index 0)","timestamp":"2022-10-28T14:36:37.333Z"}
{"level":"error","message":"Body:","timestamp":"2022-10-28T14:36:37.334Z"}
{"level":"error","message":"{}","timestamp":"2022-10-28T14:36:37.334Z"}
{"level":"error","message":"500 - Invalid queries, check 'errors' property for more info. - /admin/users/list?skip=0&limit=10 - GET - ::1","timestamp":"2022-10-28T14:47:05.391Z"}
{"level":"error","message":"Error:","timestamp":"2022-10-28T14:47:05.391Z"}
{"level":"error","message":"Invalid queries, check 'errors' property for more info. | Error\n    at new HttpError (V:\\simsan_internal\\server\\node_modules\\routing-controllers\\cjs\\http-error\\HttpError.js:17:22)\n    at new BadRequestError (V:\\simsan_internal\\server\\node_modules\\routing-controllers\\cjs\\http-error\\BadRequestError.js:10:9)\n    at V:\\simsan_internal\\server\\node_modules\\routing-controllers\\cjs\\ActionParameterHandler.js:206:31\n    at processTicksAndRejections (node:internal/process/task_queues:96:5)\n    at async ActionParameterHandler.normalizeParamValue (V:\\simsan_internal\\server\\node_modules\\routing-controllers\\cjs\\ActionParameterHandler.js:126:21)\n    at async Promise.all (index 0)","timestamp":"2022-10-28T14:47:05.391Z"}
{"level":"error","message":"Body:","timestamp":"2022-10-28T14:47:05.392Z"}
{"level":"error","message":"{}","timestamp":"2022-10-28T14:47:05.392Z"}
{"level":"error","message":"500 - Invalid queries, check 'errors' property for more info. - /admin/users/list?skip=0&limit=10 - GET - ::1","timestamp":"2022-10-28T14:56:42.724Z"}
{"level":"error","message":"Error:","timestamp":"2022-10-28T14:56:42.725Z"}
{"level":"error","message":"Invalid queries, check 'errors' property for more info. | Error\n    at new HttpError (V:\\simsan_internal\\server\\node_modules\\routing-controllers\\cjs\\http-error\\HttpError.js:17:22)\n    at new BadRequestError (V:\\simsan_internal\\server\\node_modules\\routing-controllers\\cjs\\http-error\\BadRequestError.js:10:9)\n    at V:\\simsan_internal\\server\\node_modules\\routing-controllers\\cjs\\ActionParameterHandler.js:206:31\n    at processTicksAndRejections (node:internal/process/task_queues:96:5)\n    at async ActionParameterHandler.normalizeParamValue (V:\\simsan_internal\\server\\node_modules\\routing-controllers\\cjs\\ActionParameterHandler.js:126:21)\n    at async Promise.all (index 0)","timestamp":"2022-10-28T14:56:42.725Z"}
{"level":"error","message":"Body:","timestamp":"2022-10-28T14:56:42.727Z"}
{"level":"error","message":"{}","timestamp":"2022-10-28T14:56:42.728Z"}
